[2020-04-03 07:25:16] production.ERROR: No application encryption key has been specified. {"exception":"[object] (RuntimeException(code: 0): No application encryption key has been specified. at /Applications/XAMPP/xamppfiles/htdocs/materialize-admin/materialize-html-laravel-starter-kit-template/vendor/laravel/framework/src/Illuminate/Encryption/EncryptionServiceProvider.php:44)
[stacktrace]
#0 /Applications/XAMPP/xamppfiles/htdocs/materialize-admin/materialize-html-laravel-starter-kit-template/vendor/laravel/framework/src/Illuminate/Support/helpers.php(422): Illuminate\\Encryption\\EncryptionServiceProvider->Illuminate\\Encryption\\{closure}(NULL)
#1 /Applications/XAMPP/xamppfiles/htdocs/materialize-admin/materialize-html-laravel-starter-kit-template/vendor/laravel/framework/src/Illuminate/Encryption/EncryptionServiceProvider.php(48): tap(NULL, Object(Closure))
#2 /Applications/XAMPP/xamppfiles/htdocs/materialize-admin/materialize-html-laravel-starter-kit-template/vendor/laravel/framework/src/Illuminate/Encryption/EncryptionServiceProvider.php(24): Illuminate\\Encryption\\EncryptionServiceProvider->key(Array)
#3 /Applications/XAMPP/xamppfiles/htdocs/materialize-admin/materialize-html-laravel-starter-kit-template/vendor/laravel/framework/src/Illuminate/Container/Container.php(803): Illuminate\\Encryption\\EncryptionServiceProvider->Illuminate\\Encryption\\{closure}(Object(Illuminate\\Foundation\\Application), Array)
#4 /Applications/XAMPP/xamppfiles/htdocs/materialize-admin/materialize-html-laravel-starter-kit-template/vendor/laravel/framework/src/Illuminate/Container/Container.php(685): Illuminate\\Container\\Container->build(Object(Closure))
#5 /Applications/XAMPP/xamppfiles/htdocs/materialize-admin/materialize-html-laravel-starter-kit-template/vendor/laravel/framework/src/Illuminate/Foundation/Application.php(794): Illuminate\\Container\\Container->resolve('encrypter', Array, true)
#6 /Applications/XAMPP/xamppfiles/htdocs/materialize-admin/materialize-html-laravel-starter-kit-template/vendor/laravel/framework/src/Illuminate/Container/Container.php(633): Illuminate\\Foundation\\Application->resolve('encrypter', Array)
#7 /Applications/XAMPP/xamppfiles/htdocs/materialize-admin/materialize-html-laravel-starter-kit-template/vendor/laravel/framework/src/Illuminate/Foundation/Application.php(779): Illuminate\\Container\\Container->make('encrypter', Array)
#8 /Applications/XAMPP/xamppfiles/htdocs/materialize-admin/materialize-html-laravel-starter-kit-template/vendor/laravel/framework/src/Illuminate/Container/Container.php(949): Illuminate\\Foundation\\Application->make('encrypter')
#9 /Applications/XAMPP/xamppfiles/htdocs/materialize-admin/materialize-html-laravel-starter-kit-template/vendor/laravel/framework/src/Illuminate/Container/Container.php(877): Illuminate\\Container\\Container->resolveClass(Object(ReflectionParameter))
#10 /Applications/XAMPP/xamppfiles/htdocs/materialize-admin/materialize-html-laravel-starter-kit-template/vendor/laravel/framework/src/Illuminate/Container/Container.php(838): Illuminate\\Container\\Container->resolveDependencies(Array)
#11 /Applications/XAMPP/xamppfiles/htdocs/materialize-admin/materialize-html-laravel-starter-kit-template/vendor/laravel/framework/src/Illuminate/Container/Container.php(685): Illuminate\\Container\\Container->build('App\\\\Http\\\\Middle...')
#12 /Applications/XAMPP/xamppfiles/htdocs/materialize-admin/materialize-html-laravel-starter-kit-template/vendor/laravel/framework/src/Illuminate/Foundation/Application.php(794): Illuminate\\Container\\Container->resolve('App\\\\Http\\\\Middle...', Array, true)
#13 /Applications/XAMPP/xamppfiles/htdocs/materialize-admin/materialize-html-laravel-starter-kit-template/vendor/laravel/framework/src/Illuminate/Container/Container.php(633): Illuminate\\Foundation\\Application->resolve('App\\\\Http\\\\Middle...', Array)
#14 /Applications/XAMPP/xamppfiles/htdocs/materialize-admin/materialize-html-laravel-starter-kit-template/vendor/laravel/framework/src/Illuminate/Foundation/Application.php(779): Illuminate\\Container\\Container->make('App\\\\Http\\\\Middle...', Array)
#15 /Applications/XAMPP/xamppfiles/htdocs/materialize-admin/materialize-html-laravel-starter-kit-template/vendor/laravel/framework/src/Illuminate/Pipeline/Pipeline.php(156): Illuminate\\Foundation\\Application->make('App\\\\Http\\\\Middle...')
#16 /Applications/XAMPP/xamppfiles/htdocs/materialize-admin/materialize-html-laravel-starter-kit-template/vendor/laravel/framework/src/Illuminate/Pipeline/Pipeline.php(103): Illuminate\\Pipeline\\Pipeline->Illuminate\\Pipeline\\{closure}(Object(Illuminate\\Http\\Request))
#17 /Applications/XAMPP/xamppfiles/htdocs/materialize-admin/materialize-html-laravel-starter-kit-template/vendor/laravel/framework/src/Illuminate/Routing/Router.php(687): Illuminate\\Pipeline\\Pipeline->then(Object(Closure))
#18 /Applications/XAMPP/xamppfiles/htdocs/materialize-admin/materialize-html-laravel-starter-kit-template/vendor/laravel/framework/src/Illuminate/Routing/Router.php(662): Illuminate\\Routing\\Router->runRouteWithinStack(Object(Illuminate\\Routing\\Route), Object(Illuminate\\Http\\Request))
#19 /Applications/XAMPP/xamppfiles/htdocs/materialize-admin/materialize-html-laravel-starter-kit-template/vendor/laravel/framework/src/Illuminate/Routing/Router.php(628): Illuminate\\Routing\\Router->runRoute(Object(Illuminate\\Http\\Request), Object(Illuminate\\Routing\\Route))
#20 /Applications/XAMPP/xamppfiles/htdocs/materialize-admin/materialize-html-laravel-starter-kit-template/vendor/laravel/framework/src/Illuminate/Routing/Router.php(617): Illuminate\\Routing\\Router->dispatchToRoute(Object(Illuminate\\Http\\Request))
#21 /Applications/XAMPP/xamppfiles/htdocs/materialize-admin/materialize-html-laravel-starter-kit-template/vendor/laravel/framework/src/Illuminate/Foundation/Http/Kernel.php(165): Illuminate\\Routing\\Router->dispatch(Object(Illuminate\\Http\\Request))
#22 /Applications/XAMPP/xamppfiles/htdocs/materialize-admin/materialize-html-laravel-starter-kit-template/vendor/laravel/framework/src/Illuminate/Pipeline/Pipeline.php(128): Illuminate\\Foundation\\Http\\Kernel->Illuminate\\Foundation\\Http\\{closure}(Object(Illuminate\\Http\\Request))
#23 /Applications/XAMPP/xamppfiles/htdocs/materialize-admin/materialize-html-laravel-starter-kit-template/vendor/laravel/framework/src/Illuminate/Foundation/Http/Middleware/TransformsRequest.php(21): Illuminate\\Pipeline\\Pipeline->Illuminate\\Pipeline\\{closure}(Object(Illuminate\\Http\\Request))
#24 /Applications/XAMPP/xamppfiles/htdocs/materialize-admin/materialize-html-laravel-starter-kit-template/vendor/laravel/framework/src/Illuminate/Pipeline/Pipeline.php(167): Illuminate\\Foundation\\Http\\Middleware\\TransformsRequest->handle(Object(Illuminate\\Http\\Request), Object(Closure))
#25 /Applications/XAMPP/xamppfiles/htdocs/materialize-admin/materialize-html-laravel-starter-kit-template/vendor/laravel/framework/src/Illuminate/Foundation/Http/Middleware/TransformsRequest.php(21): Illuminate\\Pipeline\\Pipeline->Illuminate\\Pipeline\\{closure}(Object(Illuminate\\Http\\Request))
#26 /Applications/XAMPP/xamppfiles/htdocs/materialize-admin/materialize-html-laravel-starter-kit-template/vendor/laravel/framework/src/Illuminate/Pipeline/Pipeline.php(167): Illuminate\\Foundation\\Http\\Middleware\\TransformsRequest->handle(Object(Illuminate\\Http\\Request), Object(Closure))
#27 /Applications/XAMPP/xamppfiles/htdocs/materialize-admin/materialize-html-laravel-starter-kit-template/vendor/laravel/framework/src/Illuminate/Foundation/Http/Middleware/ValidatePostSize.php(27): Illuminate\\Pipeline\\Pipeline->Illuminate\\Pipeline\\{closure}(Object(Illuminate\\Http\\Request))
#28 /Applications/XAMPP/xamppfiles/htdocs/materialize-admin/materialize-html-laravel-starter-kit-template/vendor/laravel/framework/src/Illuminate/Pipeline/Pipeline.php(167): Illuminate\\Foundation\\Http\\Middleware\\ValidatePostSize->handle(Object(Illuminate\\Http\\Request), Object(Closure))
#29 /Applications/XAMPP/xamppfiles/htdocs/materialize-admin/materialize-html-laravel-starter-kit-template/vendor/laravel/framework/src/Illuminate/Foundation/Http/Middleware/CheckForMaintenanceMode.php(63): Illuminate\\Pipeline\\Pipeline->Illuminate\\Pipeline\\{closure}(Object(Illuminate\\Http\\Request))
#30 /Applications/XAMPP/xamppfiles/htdocs/materialize-admin/materialize-html-laravel-starter-kit-template/vendor/laravel/framework/src/Illuminate/Pipeline/Pipeline.php(167): Illuminate\\Foundation\\Http\\Middleware\\CheckForMaintenanceMode->handle(Object(Illuminate\\Http\\Request), Object(Closure))
#31 /Applications/XAMPP/xamppfiles/htdocs/materialize-admin/materialize-html-laravel-starter-kit-template/vendor/fideloper/proxy/src/TrustProxies.php(57): Illuminate\\Pipeline\\Pipeline->Illuminate\\Pipeline\\{closure}(Object(Illuminate\\Http\\Request))
#32 /Applications/XAMPP/xamppfiles/htdocs/materialize-admin/materialize-html-laravel-starter-kit-template/vendor/laravel/framework/src/Illuminate/Pipeline/Pipeline.php(167): Fideloper\\Proxy\\TrustProxies->handle(Object(Illuminate\\Http\\Request), Object(Closure))
#33 /Applications/XAMPP/xamppfiles/htdocs/materialize-admin/materialize-html-laravel-starter-kit-template/vendor/laravel/framework/src/Illuminate/Pipeline/Pipeline.php(103): Illuminate\\Pipeline\\Pipeline->Illuminate\\Pipeline\\{closure}(Object(Illuminate\\Http\\Request))
#34 /Applications/XAMPP/xamppfiles/htdocs/materialize-admin/materialize-html-laravel-starter-kit-template/vendor/laravel/framework/src/Illuminate/Foundation/Http/Kernel.php(140): Illuminate\\Pipeline\\Pipeline->then(Object(Closure))
#35 /Applications/XAMPP/xamppfiles/htdocs/materialize-admin/materialize-html-laravel-starter-kit-template/vendor/laravel/framework/src/Illuminate/Foundation/Http/Kernel.php(109): Illuminate\\Foundation\\Http\\Kernel->sendRequestThroughRouter(Object(Illuminate\\Http\\Request))
#36 /Applications/XAMPP/xamppfiles/htdocs/materialize-admin/materialize-html-laravel-starter-kit-template/public/index.php(55): Illuminate\\Foundation\\Http\\Kernel->handle(Object(Illuminate\\Http\\Request))
#37 /Applications/XAMPP/xamppfiles/htdocs/materialize-admin/materialize-html-laravel-starter-kit-template/server.php(21): require_once('/Applications/X...')
#38 {main}
"} 
[2020-04-03 07:25:16] production.ERROR: No application encryption key has been specified. {"exception":"[object] (RuntimeException(code: 0): No application encryption key has been specified. at /Applications/XAMPP/xamppfiles/htdocs/materialize-admin/materialize-html-laravel-starter-kit-template/vendor/laravel/framework/src/Illuminate/Encryption/EncryptionServiceProvider.php:44)
[stacktrace]
#0 /Applications/XAMPP/xamppfiles/htdocs/materialize-admin/materialize-html-laravel-starter-kit-template/vendor/laravel/framework/src/Illuminate/Support/helpers.php(422): Illuminate\\Encryption\\EncryptionServiceProvider->Illuminate\\Encryption\\{closure}(NULL)
#1 /Applications/XAMPP/xamppfiles/htdocs/materialize-admin/materialize-html-laravel-starter-kit-template/vendor/laravel/framework/src/Illuminate/Encryption/EncryptionServiceProvider.php(48): tap(NULL, Object(Closure))
#2 /Applications/XAMPP/xamppfiles/htdocs/materialize-admin/materialize-html-laravel-starter-kit-template/vendor/laravel/framework/src/Illuminate/Encryption/EncryptionServiceProvider.php(24): Illuminate\\Encryption\\EncryptionServiceProvider->key(Array)
#3 /Applications/XAMPP/xamppfiles/htdocs/materialize-admin/materialize-html-laravel-starter-kit-template/vendor/laravel/framework/src/Illuminate/Container/Container.php(803): Illuminate\\Encryption\\EncryptionServiceProvider->Illuminate\\Encryption\\{closure}(Object(Illuminate\\Foundation\\Application), Array)
#4 /Applications/XAMPP/xamppfiles/htdocs/materialize-admin/materialize-html-laravel-starter-kit-template/vendor/laravel/framework/src/Illuminate/Container/Container.php(685): Illuminate\\Container\\Container->build(Object(Closure))
#5 /Applications/XAMPP/xamppfiles/htdocs/materialize-admin/materialize-html-laravel-starter-kit-template/vendor/laravel/framework/src/Illuminate/Foundation/Application.php(794): Illuminate\\Container\\Container->resolve('encrypter', Array, true)
#6 /Applications/XAMPP/xamppfiles/htdocs/materialize-admin/materialize-html-laravel-starter-kit-template/vendor/laravel/framework/src/Illuminate/Container/Container.php(633): Illuminate\\Foundation\\Application->resolve('encrypter', Array)
#7 /Applications/XAMPP/xamppfiles/htdocs/materialize-admin/materialize-html-laravel-starter-kit-template/vendor/laravel/framework/src/Illuminate/Foundation/Application.php(779): Illuminate\\Container\\Container->make('encrypter', Array)
#8 /Applications/XAMPP/xamppfiles/htdocs/materialize-admin/materialize-html-laravel-starter-kit-template/vendor/laravel/framework/src/Illuminate/Container/Container.php(949): Illuminate\\Foundation\\Application->make('encrypter')
#9 /Applications/XAMPP/xamppfiles/htdocs/materialize-admin/materialize-html-laravel-starter-kit-template/vendor/laravel/framework/src/Illuminate/Container/Container.php(877): Illuminate\\Container\\Container->resolveClass(Object(ReflectionParameter))
#10 /Applications/XAMPP/xamppfiles/htdocs/materialize-admin/materialize-html-laravel-starter-kit-template/vendor/laravel/framework/src/Illuminate/Container/Container.php(838): Illuminate\\Container\\Container->resolveDependencies(Array)
#11 /Applications/XAMPP/xamppfiles/htdocs/materialize-admin/materialize-html-laravel-starter-kit-template/vendor/laravel/framework/src/Illuminate/Container/Container.php(685): Illuminate\\Container\\Container->build('App\\\\Http\\\\Middle...')
#12 /Applications/XAMPP/xamppfiles/htdocs/materialize-admin/materialize-html-laravel-starter-kit-template/vendor/laravel/framework/src/Illuminate/Foundation/Application.php(794): Illuminate\\Container\\Container->resolve('App\\\\Http\\\\Middle...', Array, true)
#13 /Applications/XAMPP/xamppfiles/htdocs/materialize-admin/materialize-html-laravel-starter-kit-template/vendor/laravel/framework/src/Illuminate/Container/Container.php(633): Illuminate\\Foundation\\Application->resolve('App\\\\Http\\\\Middle...', Array)
#14 /Applications/XAMPP/xamppfiles/htdocs/materialize-admin/materialize-html-laravel-starter-kit-template/vendor/laravel/framework/src/Illuminate/Foundation/Application.php(779): Illuminate\\Container\\Container->make('App\\\\Http\\\\Middle...', Array)
#15 /Applications/XAMPP/xamppfiles/htdocs/materialize-admin/materialize-html-laravel-starter-kit-template/vendor/laravel/framework/src/Illuminate/Foundation/Http/Kernel.php(204): Illuminate\\Foundation\\Application->make('App\\\\Http\\\\Middle...')
#16 /Applications/XAMPP/xamppfiles/htdocs/materialize-admin/materialize-html-laravel-starter-kit-template/vendor/laravel/framework/src/Illuminate/Foundation/Http/Kernel.php(178): Illuminate\\Foundation\\Http\\Kernel->terminateMiddleware(Object(Illuminate\\Http\\Request), Object(Illuminate\\Http\\Response))
#17 /Applications/XAMPP/xamppfiles/htdocs/materialize-admin/materialize-html-laravel-starter-kit-template/public/index.php(60): Illuminate\\Foundation\\Http\\Kernel->terminate(Object(Illuminate\\Http\\Request), Object(Illuminate\\Http\\Response))
#18 /Applications/XAMPP/xamppfiles/htdocs/materialize-admin/materialize-html-laravel-starter-kit-template/server.php(21): require_once('/Applications/X...')
#19 {main}
"} 
[2020-04-03 07:40:07] production.ERROR: No application encryption key has been specified. {"exception":"[object] (RuntimeException(code: 0): No application encryption key has been specified. at /Applications/XAMPP/xamppfiles/htdocs/materialize-admin/materialize-html-laravel-starter-kit-template/vendor/laravel/framework/src/Illuminate/Encryption/EncryptionServiceProvider.php:44)
[stacktrace]
#0 /Applications/XAMPP/xamppfiles/htdocs/materialize-admin/materialize-html-laravel-starter-kit-template/vendor/laravel/framework/src/Illuminate/Support/helpers.php(422): Illuminate\\Encryption\\EncryptionServiceProvider->Illuminate\\Encryption\\{closure}(NULL)
#1 /Applications/XAMPP/xamppfiles/htdocs/materialize-admin/materialize-html-laravel-starter-kit-template/vendor/laravel/framework/src/Illuminate/Encryption/EncryptionServiceProvider.php(48): tap(NULL, Object(Closure))
#2 /Applications/XAMPP/xamppfiles/htdocs/materialize-admin/materialize-html-laravel-starter-kit-template/vendor/laravel/framework/src/Illuminate/Encryption/EncryptionServiceProvider.php(24): Illuminate\\Encryption\\EncryptionServiceProvider->key(Array)
#3 /Applications/XAMPP/xamppfiles/htdocs/materialize-admin/materialize-html-laravel-starter-kit-template/vendor/laravel/framework/src/Illuminate/Container/Container.php(803): Illuminate\\Encryption\\EncryptionServiceProvider->Illuminate\\Encryption\\{closure}(Object(Illuminate\\Foundation\\Application), Array)
#4 /Applications/XAMPP/xamppfiles/htdocs/materialize-admin/materialize-html-laravel-starter-kit-template/vendor/laravel/framework/src/Illuminate/Container/Container.php(685): Illuminate\\Container\\Container->build(Object(Closure))
#5 /Applications/XAMPP/xamppfiles/htdocs/materialize-admin/materialize-html-laravel-starter-kit-template/vendor/laravel/framework/src/Illuminate/Foundation/Application.php(794): Illuminate\\Container\\Container->resolve('encrypter', Array, true)
#6 /Applications/XAMPP/xamppfiles/htdocs/materialize-admin/materialize-html-laravel-starter-kit-template/vendor/laravel/framework/src/Illuminate/Container/Container.php(633): Illuminate\\Foundation\\Application->resolve('encrypter', Array)
#7 /Applications/XAMPP/xamppfiles/htdocs/materialize-admin/materialize-html-laravel-starter-kit-template/vendor/laravel/framework/src/Illuminate/Foundation/Application.php(779): Illuminate\\Container\\Container->make('encrypter', Array)
#8 /Applications/XAMPP/xamppfiles/htdocs/materialize-admin/materialize-html-laravel-starter-kit-template/vendor/laravel/framework/src/Illuminate/Container/Container.php(949): Illuminate\\Foundation\\Application->make('encrypter')
#9 /Applications/XAMPP/xamppfiles/htdocs/materialize-admin/materialize-html-laravel-starter-kit-template/vendor/laravel/framework/src/Illuminate/Container/Container.php(877): Illuminate\\Container\\Container->resolveClass(Object(ReflectionParameter))
#10 /Applications/XAMPP/xamppfiles/htdocs/materialize-admin/materialize-html-laravel-starter-kit-template/vendor/laravel/framework/src/Illuminate/Container/Container.php(838): Illuminate\\Container\\Container->resolveDependencies(Array)
#11 /Applications/XAMPP/xamppfiles/htdocs/materialize-admin/materialize-html-laravel-starter-kit-template/vendor/laravel/framework/src/Illuminate/Container/Container.php(685): Illuminate\\Container\\Container->build('App\\\\Http\\\\Middle...')
#12 /Applications/XAMPP/xamppfiles/htdocs/materialize-admin/materialize-html-laravel-starter-kit-template/vendor/laravel/framework/src/Illuminate/Foundation/Application.php(794): Illuminate\\Container\\Container->resolve('App\\\\Http\\\\Middle...', Array, true)
#13 /Applications/XAMPP/xamppfiles/htdocs/materialize-admin/materialize-html-laravel-starter-kit-template/vendor/laravel/framework/src/Illuminate/Container/Container.php(633): Illuminate\\Foundation\\Application->resolve('App\\\\Http\\\\Middle...', Array)
#14 /Applications/XAMPP/xamppfiles/htdocs/materialize-admin/materialize-html-laravel-starter-kit-template/vendor/laravel/framework/src/Illuminate/Foundation/Application.php(779): Illuminate\\Container\\Container->make('App\\\\Http\\\\Middle...', Array)
#15 /Applications/XAMPP/xamppfiles/htdocs/materialize-admin/materialize-html-laravel-starter-kit-template/vendor/laravel/framework/src/Illuminate/Pipeline/Pipeline.php(156): Illuminate\\Foundation\\Application->make('App\\\\Http\\\\Middle...')
#16 /Applications/XAMPP/xamppfiles/htdocs/materialize-admin/materialize-html-laravel-starter-kit-template/vendor/laravel/framework/src/Illuminate/Pipeline/Pipeline.php(103): Illuminate\\Pipeline\\Pipeline->Illuminate\\Pipeline\\{closure}(Object(Illuminate\\Http\\Request))
#17 /Applications/XAMPP/xamppfiles/htdocs/materialize-admin/materialize-html-laravel-starter-kit-template/vendor/laravel/framework/src/Illuminate/Routing/Router.php(687): Illuminate\\Pipeline\\Pipeline->then(Object(Closure))
#18 /Applications/XAMPP/xamppfiles/htdocs/materialize-admin/materialize-html-laravel-starter-kit-template/vendor/laravel/framework/src/Illuminate/Routing/Router.php(662): Illuminate\\Routing\\Router->runRouteWithinStack(Object(Illuminate\\Routing\\Route), Object(Illuminate\\Http\\Request))
#19 /Applications/XAMPP/xamppfiles/htdocs/materialize-admin/materialize-html-laravel-starter-kit-template/vendor/laravel/framework/src/Illuminate/Routing/Router.php(628): Illuminate\\Routing\\Router->runRoute(Object(Illuminate\\Http\\Request), Object(Illuminate\\Routing\\Route))
#20 /Applications/XAMPP/xamppfiles/htdocs/materialize-admin/materialize-html-laravel-starter-kit-template/vendor/laravel/framework/src/Illuminate/Routing/Router.php(617): Illuminate\\Routing\\Router->dispatchToRoute(Object(Illuminate\\Http\\Request))
#21 /Applications/XAMPP/xamppfiles/htdocs/materialize-admin/materialize-html-laravel-starter-kit-template/vendor/laravel/framework/src/Illuminate/Foundation/Http/Kernel.php(165): Illuminate\\Routing\\Router->dispatch(Object(Illuminate\\Http\\Request))
#22 /Applications/XAMPP/xamppfiles/htdocs/materialize-admin/materialize-html-laravel-starter-kit-template/vendor/laravel/framework/src/Illuminate/Pipeline/Pipeline.php(128): Illuminate\\Foundation\\Http\\Kernel->Illuminate\\Foundation\\Http\\{closure}(Object(Illuminate\\Http\\Request))
#23 /Applications/XAMPP/xamppfiles/htdocs/materialize-admin/materialize-html-laravel-starter-kit-template/vendor/laravel/framework/src/Illuminate/Foundation/Http/Middleware/TransformsRequest.php(21): Illuminate\\Pipeline\\Pipeline->Illuminate\\Pipeline\\{closure}(Object(Illuminate\\Http\\Request))
#24 /Applications/XAMPP/xamppfiles/htdocs/materialize-admin/materialize-html-laravel-starter-kit-template/vendor/laravel/framework/src/Illuminate/Pipeline/Pipeline.php(167): Illuminate\\Foundation\\Http\\Middleware\\TransformsRequest->handle(Object(Illuminate\\Http\\Request), Object(Closure))
#25 /Applications/XAMPP/xamppfiles/htdocs/materialize-admin/materialize-html-laravel-starter-kit-template/vendor/laravel/framework/src/Illuminate/Foundation/Http/Middleware/TransformsRequest.php(21): Illuminate\\Pipeline\\Pipeline->Illuminate\\Pipeline\\{closure}(Object(Illuminate\\Http\\Request))
#26 /Applications/XAMPP/xamppfiles/htdocs/materialize-admin/materialize-html-laravel-starter-kit-template/vendor/laravel/framework/src/Illuminate/Pipeline/Pipeline.php(167): Illuminate\\Foundation\\Http\\Middleware\\TransformsRequest->handle(Object(Illuminate\\Http\\Request), Object(Closure))
#27 /Applications/XAMPP/xamppfiles/htdocs/materialize-admin/materialize-html-laravel-starter-kit-template/vendor/laravel/framework/src/Illuminate/Foundation/Http/Middleware/ValidatePostSize.php(27): Illuminate\\Pipeline\\Pipeline->Illuminate\\Pipeline\\{closure}(Object(Illuminate\\Http\\Request))
#28 /Applications/XAMPP/xamppfiles/htdocs/materialize-admin/materialize-html-laravel-starter-kit-template/vendor/laravel/framework/src/Illuminate/Pipeline/Pipeline.php(167): Illuminate\\Foundation\\Http\\Middleware\\ValidatePostSize->handle(Object(Illuminate\\Http\\Request), Object(Closure))
#29 /Applications/XAMPP/xamppfiles/htdocs/materialize-admin/materialize-html-laravel-starter-kit-template/vendor/laravel/framework/src/Illuminate/Foundation/Http/Middleware/CheckForMaintenanceMode.php(63): Illuminate\\Pipeline\\Pipeline->Illuminate\\Pipeline\\{closure}(Object(Illuminate\\Http\\Request))
#30 /Applications/XAMPP/xamppfiles/htdocs/materialize-admin/materialize-html-laravel-starter-kit-template/vendor/laravel/framework/src/Illuminate/Pipeline/Pipeline.php(167): Illuminate\\Foundation\\Http\\Middleware\\CheckForMaintenanceMode->handle(Object(Illuminate\\Http\\Request), Object(Closure))
#31 /Applications/XAMPP/xamppfiles/htdocs/materialize-admin/materialize-html-laravel-starter-kit-template/vendor/fideloper/proxy/src/TrustProxies.php(57): Illuminate\\Pipeline\\Pipeline->Illuminate\\Pipeline\\{closure}(Object(Illuminate\\Http\\Request))
#32 /Applications/XAMPP/xamppfiles/htdocs/materialize-admin/materialize-html-laravel-starter-kit-template/vendor/laravel/framework/src/Illuminate/Pipeline/Pipeline.php(167): Fideloper\\Proxy\\TrustProxies->handle(Object(Illuminate\\Http\\Request), Object(Closure))
#33 /Applications/XAMPP/xamppfiles/htdocs/materialize-admin/materialize-html-laravel-starter-kit-template/vendor/laravel/framework/src/Illuminate/Pipeline/Pipeline.php(103): Illuminate\\Pipeline\\Pipeline->Illuminate\\Pipeline\\{closure}(Object(Illuminate\\Http\\Request))
#34 /Applications/XAMPP/xamppfiles/htdocs/materialize-admin/materialize-html-laravel-starter-kit-template/vendor/laravel/framework/src/Illuminate/Foundation/Http/Kernel.php(140): Illuminate\\Pipeline\\Pipeline->then(Object(Closure))
#35 /Applications/XAMPP/xamppfiles/htdocs/materialize-admin/materialize-html-laravel-starter-kit-template/vendor/laravel/framework/src/Illuminate/Foundation/Http/Kernel.php(109): Illuminate\\Foundation\\Http\\Kernel->sendRequestThroughRouter(Object(Illuminate\\Http\\Request))
#36 /Applications/XAMPP/xamppfiles/htdocs/materialize-admin/materialize-html-laravel-starter-kit-template/public/index.php(55): Illuminate\\Foundation\\Http\\Kernel->handle(Object(Illuminate\\Http\\Request))
#37 /Applications/XAMPP/xamppfiles/htdocs/materialize-admin/materialize-html-laravel-starter-kit-template/server.php(21): require_once('/Applications/X...')
#38 {main}
"} 
[2020-04-03 07:40:07] production.ERROR: No application encryption key has been specified. {"exception":"[object] (RuntimeException(code: 0): No application encryption key has been specified. at /Applications/XAMPP/xamppfiles/htdocs/materialize-admin/materialize-html-laravel-starter-kit-template/vendor/laravel/framework/src/Illuminate/Encryption/EncryptionServiceProvider.php:44)
[stacktrace]
#0 /Applications/XAMPP/xamppfiles/htdocs/materialize-admin/materialize-html-laravel-starter-kit-template/vendor/laravel/framework/src/Illuminate/Support/helpers.php(422): Illuminate\\Encryption\\EncryptionServiceProvider->Illuminate\\Encryption\\{closure}(NULL)
#1 /Applications/XAMPP/xamppfiles/htdocs/materialize-admin/materialize-html-laravel-starter-kit-template/vendor/laravel/framework/src/Illuminate/Encryption/EncryptionServiceProvider.php(48): tap(NULL, Object(Closure))
#2 /Applications/XAMPP/xamppfiles/htdocs/materialize-admin/materialize-html-laravel-starter-kit-template/vendor/laravel/framework/src/Illuminate/Encryption/EncryptionServiceProvider.php(24): Illuminate\\Encryption\\EncryptionServiceProvider->key(Array)
#3 /Applications/XAMPP/xamppfiles/htdocs/materialize-admin/materialize-html-laravel-starter-kit-template/vendor/laravel/framework/src/Illuminate/Container/Container.php(803): Illuminate\\Encryption\\EncryptionServiceProvider->Illuminate\\Encryption\\{closure}(Object(Illuminate\\Foundation\\Application), Array)
#4 /Applications/XAMPP/xamppfiles/htdocs/materialize-admin/materialize-html-laravel-starter-kit-template/vendor/laravel/framework/src/Illuminate/Container/Container.php(685): Illuminate\\Container\\Container->build(Object(Closure))
#5 /Applications/XAMPP/xamppfiles/htdocs/materialize-admin/materialize-html-laravel-starter-kit-template/vendor/laravel/framework/src/Illuminate/Foundation/Application.php(794): Illuminate\\Container\\Container->resolve('encrypter', Array, true)
#6 /Applications/XAMPP/xamppfiles/htdocs/materialize-admin/materialize-html-laravel-starter-kit-template/vendor/laravel/framework/src/Illuminate/Container/Container.php(633): Illuminate\\Foundation\\Application->resolve('encrypter', Array)
#7 /Applications/XAMPP/xamppfiles/htdocs/materialize-admin/materialize-html-laravel-starter-kit-template/vendor/laravel/framework/src/Illuminate/Foundation/Application.php(779): Illuminate\\Container\\Container->make('encrypter', Array)
#8 /Applications/XAMPP/xamppfiles/htdocs/materialize-admin/materialize-html-laravel-starter-kit-template/vendor/laravel/framework/src/Illuminate/Container/Container.php(949): Illuminate\\Foundation\\Application->make('encrypter')
#9 /Applications/XAMPP/xamppfiles/htdocs/materialize-admin/materialize-html-laravel-starter-kit-template/vendor/laravel/framework/src/Illuminate/Container/Container.php(877): Illuminate\\Container\\Container->resolveClass(Object(ReflectionParameter))
#10 /Applications/XAMPP/xamppfiles/htdocs/materialize-admin/materialize-html-laravel-starter-kit-template/vendor/laravel/framework/src/Illuminate/Container/Container.php(838): Illuminate\\Container\\Container->resolveDependencies(Array)
#11 /Applications/XAMPP/xamppfiles/htdocs/materialize-admin/materialize-html-laravel-starter-kit-template/vendor/laravel/framework/src/Illuminate/Container/Container.php(685): Illuminate\\Container\\Container->build('App\\\\Http\\\\Middle...')
#12 /Applications/XAMPP/xamppfiles/htdocs/materialize-admin/materialize-html-laravel-starter-kit-template/vendor/laravel/framework/src/Illuminate/Foundation/Application.php(794): Illuminate\\Container\\Container->resolve('App\\\\Http\\\\Middle...', Array, true)
#13 /Applications/XAMPP/xamppfiles/htdocs/materialize-admin/materialize-html-laravel-starter-kit-template/vendor/laravel/framework/src/Illuminate/Container/Container.php(633): Illuminate\\Foundation\\Application->resolve('App\\\\Http\\\\Middle...', Array)
#14 /Applications/XAMPP/xamppfiles/htdocs/materialize-admin/materialize-html-laravel-starter-kit-template/vendor/laravel/framework/src/Illuminate/Foundation/Application.php(779): Illuminate\\Container\\Container->make('App\\\\Http\\\\Middle...', Array)
#15 /Applications/XAMPP/xamppfiles/htdocs/materialize-admin/materialize-html-laravel-starter-kit-template/vendor/laravel/framework/src/Illuminate/Foundation/Http/Kernel.php(204): Illuminate\\Foundation\\Application->make('App\\\\Http\\\\Middle...')
#16 /Applications/XAMPP/xamppfiles/htdocs/materialize-admin/materialize-html-laravel-starter-kit-template/vendor/laravel/framework/src/Illuminate/Foundation/Http/Kernel.php(178): Illuminate\\Foundation\\Http\\Kernel->terminateMiddleware(Object(Illuminate\\Http\\Request), Object(Illuminate\\Http\\Response))
#17 /Applications/XAMPP/xamppfiles/htdocs/materialize-admin/materialize-html-laravel-starter-kit-template/public/index.php(60): Illuminate\\Foundation\\Http\\Kernel->terminate(Object(Illuminate\\Http\\Request), Object(Illuminate\\Http\\Response))
#18 /Applications/XAMPP/xamppfiles/htdocs/materialize-admin/materialize-html-laravel-starter-kit-template/server.php(21): require_once('/Applications/X...')
#19 {main}
"} 
[2020-04-03 07:40:10] production.ERROR: No application encryption key has been specified. {"exception":"[object] (RuntimeException(code: 0): No application encryption key has been specified. at /Applications/XAMPP/xamppfiles/htdocs/materialize-admin/materialize-html-laravel-starter-kit-template/vendor/laravel/framework/src/Illuminate/Encryption/EncryptionServiceProvider.php:44)
[stacktrace]
#0 /Applications/XAMPP/xamppfiles/htdocs/materialize-admin/materialize-html-laravel-starter-kit-template/vendor/laravel/framework/src/Illuminate/Support/helpers.php(422): Illuminate\\Encryption\\EncryptionServiceProvider->Illuminate\\Encryption\\{closure}(NULL)
#1 /Applications/XAMPP/xamppfiles/htdocs/materialize-admin/materialize-html-laravel-starter-kit-template/vendor/laravel/framework/src/Illuminate/Encryption/EncryptionServiceProvider.php(48): tap(NULL, Object(Closure))
#2 /Applications/XAMPP/xamppfiles/htdocs/materialize-admin/materialize-html-laravel-starter-kit-template/vendor/laravel/framework/src/Illuminate/Encryption/EncryptionServiceProvider.php(24): Illuminate\\Encryption\\EncryptionServiceProvider->key(Array)
#3 /Applications/XAMPP/xamppfiles/htdocs/materialize-admin/materialize-html-laravel-starter-kit-template/vendor/laravel/framework/src/Illuminate/Container/Container.php(803): Illuminate\\Encryption\\EncryptionServiceProvider->Illuminate\\Encryption\\{closure}(Object(Illuminate\\Foundation\\Application), Array)
#4 /Applications/XAMPP/xamppfiles/htdocs/materialize-admin/materialize-html-laravel-starter-kit-template/vendor/laravel/framework/src/Illuminate/Container/Container.php(685): Illuminate\\Container\\Container->build(Object(Closure))
#5 /Applications/XAMPP/xamppfiles/htdocs/materialize-admin/materialize-html-laravel-starter-kit-template/vendor/laravel/framework/src/Illuminate/Foundation/Application.php(794): Illuminate\\Container\\Container->resolve('encrypter', Array, true)
#6 /Applications/XAMPP/xamppfiles/htdocs/materialize-admin/materialize-html-laravel-starter-kit-template/vendor/laravel/framework/src/Illuminate/Container/Container.php(633): Illuminate\\Foundation\\Application->resolve('encrypter', Array)
#7 /Applications/XAMPP/xamppfiles/htdocs/materialize-admin/materialize-html-laravel-starter-kit-template/vendor/laravel/framework/src/Illuminate/Foundation/Application.php(779): Illuminate\\Container\\Container->make('encrypter', Array)
#8 /Applications/XAMPP/xamppfiles/htdocs/materialize-admin/materialize-html-laravel-starter-kit-template/vendor/laravel/framework/src/Illuminate/Container/Container.php(949): Illuminate\\Foundation\\Application->make('encrypter')
#9 /Applications/XAMPP/xamppfiles/htdocs/materialize-admin/materialize-html-laravel-starter-kit-template/vendor/laravel/framework/src/Illuminate/Container/Container.php(877): Illuminate\\Container\\Container->resolveClass(Object(ReflectionParameter))
#10 /Applications/XAMPP/xamppfiles/htdocs/materialize-admin/materialize-html-laravel-starter-kit-template/vendor/laravel/framework/src/Illuminate/Container/Container.php(838): Illuminate\\Container\\Container->resolveDependencies(Array)
#11 /Applications/XAMPP/xamppfiles/htdocs/materialize-admin/materialize-html-laravel-starter-kit-template/vendor/laravel/framework/src/Illuminate/Container/Container.php(685): Illuminate\\Container\\Container->build('App\\\\Http\\\\Middle...')
#12 /Applications/XAMPP/xamppfiles/htdocs/materialize-admin/materialize-html-laravel-starter-kit-template/vendor/laravel/framework/src/Illuminate/Foundation/Application.php(794): Illuminate\\Container\\Container->resolve('App\\\\Http\\\\Middle...', Array, true)
#13 /Applications/XAMPP/xamppfiles/htdocs/materialize-admin/materialize-html-laravel-starter-kit-template/vendor/laravel/framework/src/Illuminate/Container/Container.php(633): Illuminate\\Foundation\\Application->resolve('App\\\\Http\\\\Middle...', Array)
#14 /Applications/XAMPP/xamppfiles/htdocs/materialize-admin/materialize-html-laravel-starter-kit-template/vendor/laravel/framework/src/Illuminate/Foundation/Application.php(779): Illuminate\\Container\\Container->make('App\\\\Http\\\\Middle...', Array)
#15 /Applications/XAMPP/xamppfiles/htdocs/materialize-admin/materialize-html-laravel-starter-kit-template/vendor/laravel/framework/src/Illuminate/Pipeline/Pipeline.php(156): Illuminate\\Foundation\\Application->make('App\\\\Http\\\\Middle...')
#16 /Applications/XAMPP/xamppfiles/htdocs/materialize-admin/materialize-html-laravel-starter-kit-template/vendor/laravel/framework/src/Illuminate/Pipeline/Pipeline.php(103): Illuminate\\Pipeline\\Pipeline->Illuminate\\Pipeline\\{closure}(Object(Illuminate\\Http\\Request))
#17 /Applications/XAMPP/xamppfiles/htdocs/materialize-admin/materialize-html-laravel-starter-kit-template/vendor/laravel/framework/src/Illuminate/Routing/Router.php(687): Illuminate\\Pipeline\\Pipeline->then(Object(Closure))
#18 /Applications/XAMPP/xamppfiles/htdocs/materialize-admin/materialize-html-laravel-starter-kit-template/vendor/laravel/framework/src/Illuminate/Routing/Router.php(662): Illuminate\\Routing\\Router->runRouteWithinStack(Object(Illuminate\\Routing\\Route), Object(Illuminate\\Http\\Request))
#19 /Applications/XAMPP/xamppfiles/htdocs/materialize-admin/materialize-html-laravel-starter-kit-template/vendor/laravel/framework/src/Illuminate/Routing/Router.php(628): Illuminate\\Routing\\Router->runRoute(Object(Illuminate\\Http\\Request), Object(Illuminate\\Routing\\Route))
#20 /Applications/XAMPP/xamppfiles/htdocs/materialize-admin/materialize-html-laravel-starter-kit-template/vendor/laravel/framework/src/Illuminate/Routing/Router.php(617): Illuminate\\Routing\\Router->dispatchToRoute(Object(Illuminate\\Http\\Request))
#21 /Applications/XAMPP/xamppfiles/htdocs/materialize-admin/materialize-html-laravel-starter-kit-template/vendor/laravel/framework/src/Illuminate/Foundation/Http/Kernel.php(165): Illuminate\\Routing\\Router->dispatch(Object(Illuminate\\Http\\Request))
#22 /Applications/XAMPP/xamppfiles/htdocs/materialize-admin/materialize-html-laravel-starter-kit-template/vendor/laravel/framework/src/Illuminate/Pipeline/Pipeline.php(128): Illuminate\\Foundation\\Http\\Kernel->Illuminate\\Foundation\\Http\\{closure}(Object(Illuminate\\Http\\Request))
#23 /Applications/XAMPP/xamppfiles/htdocs/materialize-admin/materialize-html-laravel-starter-kit-template/vendor/laravel/framework/src/Illuminate/Foundation/Http/Middleware/TransformsRequest.php(21): Illuminate\\Pipeline\\Pipeline->Illuminate\\Pipeline\\{closure}(Object(Illuminate\\Http\\Request))
#24 /Applications/XAMPP/xamppfiles/htdocs/materialize-admin/materialize-html-laravel-starter-kit-template/vendor/laravel/framework/src/Illuminate/Pipeline/Pipeline.php(167): Illuminate\\Foundation\\Http\\Middleware\\TransformsRequest->handle(Object(Illuminate\\Http\\Request), Object(Closure))
#25 /Applications/XAMPP/xamppfiles/htdocs/materialize-admin/materialize-html-laravel-starter-kit-template/vendor/laravel/framework/src/Illuminate/Foundation/Http/Middleware/TransformsRequest.php(21): Illuminate\\Pipeline\\Pipeline->Illuminate\\Pipeline\\{closure}(Object(Illuminate\\Http\\Request))
#26 /Applications/XAMPP/xamppfiles/htdocs/materialize-admin/materialize-html-laravel-starter-kit-template/vendor/laravel/framework/src/Illuminate/Pipeline/Pipeline.php(167): Illuminate\\Foundation\\Http\\Middleware\\TransformsRequest->handle(Object(Illuminate\\Http\\Request), Object(Closure))
#27 /Applications/XAMPP/xamppfiles/htdocs/materialize-admin/materialize-html-laravel-starter-kit-template/vendor/laravel/framework/src/Illuminate/Foundation/Http/Middleware/ValidatePostSize.php(27): Illuminate\\Pipeline\\Pipeline->Illuminate\\Pipeline\\{closure}(Object(Illuminate\\Http\\Request))
#28 /Applications/XAMPP/xamppfiles/htdocs/materialize-admin/materialize-html-laravel-starter-kit-template/vendor/laravel/framework/src/Illuminate/Pipeline/Pipeline.php(167): Illuminate\\Foundation\\Http\\Middleware\\ValidatePostSize->handle(Object(Illuminate\\Http\\Request), Object(Closure))
#29 /Applications/XAMPP/xamppfiles/htdocs/materialize-admin/materialize-html-laravel-starter-kit-template/vendor/laravel/framework/src/Illuminate/Foundation/Http/Middleware/CheckForMaintenanceMode.php(63): Illuminate\\Pipeline\\Pipeline->Illuminate\\Pipeline\\{closure}(Object(Illuminate\\Http\\Request))
#30 /Applications/XAMPP/xamppfiles/htdocs/materialize-admin/materialize-html-laravel-starter-kit-template/vendor/laravel/framework/src/Illuminate/Pipeline/Pipeline.php(167): Illuminate\\Foundation\\Http\\Middleware\\CheckForMaintenanceMode->handle(Object(Illuminate\\Http\\Request), Object(Closure))
#31 /Applications/XAMPP/xamppfiles/htdocs/materialize-admin/materialize-html-laravel-starter-kit-template/vendor/fideloper/proxy/src/TrustProxies.php(57): Illuminate\\Pipeline\\Pipeline->Illuminate\\Pipeline\\{closure}(Object(Illuminate\\Http\\Request))
#32 /Applications/XAMPP/xamppfiles/htdocs/materialize-admin/materialize-html-laravel-starter-kit-template/vendor/laravel/framework/src/Illuminate/Pipeline/Pipeline.php(167): Fideloper\\Proxy\\TrustProxies->handle(Object(Illuminate\\Http\\Request), Object(Closure))
#33 /Applications/XAMPP/xamppfiles/htdocs/materialize-admin/materialize-html-laravel-starter-kit-template/vendor/laravel/framework/src/Illuminate/Pipeline/Pipeline.php(103): Illuminate\\Pipeline\\Pipeline->Illuminate\\Pipeline\\{closure}(Object(Illuminate\\Http\\Request))
#34 /Applications/XAMPP/xamppfiles/htdocs/materialize-admin/materialize-html-laravel-starter-kit-template/vendor/laravel/framework/src/Illuminate/Foundation/Http/Kernel.php(140): Illuminate\\Pipeline\\Pipeline->then(Object(Closure))
#35 /Applications/XAMPP/xamppfiles/htdocs/materialize-admin/materialize-html-laravel-starter-kit-template/vendor/laravel/framework/src/Illuminate/Foundation/Http/Kernel.php(109): Illuminate\\Foundation\\Http\\Kernel->sendRequestThroughRouter(Object(Illuminate\\Http\\Request))
#36 /Applications/XAMPP/xamppfiles/htdocs/materialize-admin/materialize-html-laravel-starter-kit-template/public/index.php(55): Illuminate\\Foundation\\Http\\Kernel->handle(Object(Illuminate\\Http\\Request))
#37 /Applications/XAMPP/xamppfiles/htdocs/materialize-admin/materialize-html-laravel-starter-kit-template/server.php(21): require_once('/Applications/X...')
#38 {main}
"} 
[2020-04-03 07:40:10] production.ERROR: No application encryption key has been specified. {"exception":"[object] (RuntimeException(code: 0): No application encryption key has been specified. at /Applications/XAMPP/xamppfiles/htdocs/materialize-admin/materialize-html-laravel-starter-kit-template/vendor/laravel/framework/src/Illuminate/Encryption/EncryptionServiceProvider.php:44)
[stacktrace]
#0 /Applications/XAMPP/xamppfiles/htdocs/materialize-admin/materialize-html-laravel-starter-kit-template/vendor/laravel/framework/src/Illuminate/Support/helpers.php(422): Illuminate\\Encryption\\EncryptionServiceProvider->Illuminate\\Encryption\\{closure}(NULL)
#1 /Applications/XAMPP/xamppfiles/htdocs/materialize-admin/materialize-html-laravel-starter-kit-template/vendor/laravel/framework/src/Illuminate/Encryption/EncryptionServiceProvider.php(48): tap(NULL, Object(Closure))
#2 /Applications/XAMPP/xamppfiles/htdocs/materialize-admin/materialize-html-laravel-starter-kit-template/vendor/laravel/framework/src/Illuminate/Encryption/EncryptionServiceProvider.php(24): Illuminate\\Encryption\\EncryptionServiceProvider->key(Array)
#3 /Applications/XAMPP/xamppfiles/htdocs/materialize-admin/materialize-html-laravel-starter-kit-template/vendor/laravel/framework/src/Illuminate/Container/Container.php(803): Illuminate\\Encryption\\EncryptionServiceProvider->Illuminate\\Encryption\\{closure}(Object(Illuminate\\Foundation\\Application), Array)
#4 /Applications/XAMPP/xamppfiles/htdocs/materialize-admin/materialize-html-laravel-starter-kit-template/vendor/laravel/framework/src/Illuminate/Container/Container.php(685): Illuminate\\Container\\Container->build(Object(Closure))
#5 /Applications/XAMPP/xamppfiles/htdocs/materialize-admin/materialize-html-laravel-starter-kit-template/vendor/laravel/framework/src/Illuminate/Foundation/Application.php(794): Illuminate\\Container\\Container->resolve('encrypter', Array, true)
#6 /Applications/XAMPP/xamppfiles/htdocs/materialize-admin/materialize-html-laravel-starter-kit-template/vendor/laravel/framework/src/Illuminate/Container/Container.php(633): Illuminate\\Foundation\\Application->resolve('encrypter', Array)
#7 /Applications/XAMPP/xamppfiles/htdocs/materialize-admin/materialize-html-laravel-starter-kit-template/vendor/laravel/framework/src/Illuminate/Foundation/Application.php(779): Illuminate\\Container\\Container->make('encrypter', Array)
#8 /Applications/XAMPP/xamppfiles/htdocs/materialize-admin/materialize-html-laravel-starter-kit-template/vendor/laravel/framework/src/Illuminate/Container/Container.php(949): Illuminate\\Foundation\\Application->make('encrypter')
#9 /Applications/XAMPP/xamppfiles/htdocs/materialize-admin/materialize-html-laravel-starter-kit-template/vendor/laravel/framework/src/Illuminate/Container/Container.php(877): Illuminate\\Container\\Container->resolveClass(Object(ReflectionParameter))
#10 /Applications/XAMPP/xamppfiles/htdocs/materialize-admin/materialize-html-laravel-starter-kit-template/vendor/laravel/framework/src/Illuminate/Container/Container.php(838): Illuminate\\Container\\Container->resolveDependencies(Array)
#11 /Applications/XAMPP/xamppfiles/htdocs/materialize-admin/materialize-html-laravel-starter-kit-template/vendor/laravel/framework/src/Illuminate/Container/Container.php(685): Illuminate\\Container\\Container->build('App\\\\Http\\\\Middle...')
#12 /Applications/XAMPP/xamppfiles/htdocs/materialize-admin/materialize-html-laravel-starter-kit-template/vendor/laravel/framework/src/Illuminate/Foundation/Application.php(794): Illuminate\\Container\\Container->resolve('App\\\\Http\\\\Middle...', Array, true)
#13 /Applications/XAMPP/xamppfiles/htdocs/materialize-admin/materialize-html-laravel-starter-kit-template/vendor/laravel/framework/src/Illuminate/Container/Container.php(633): Illuminate\\Foundation\\Application->resolve('App\\\\Http\\\\Middle...', Array)
#14 /Applications/XAMPP/xamppfiles/htdocs/materialize-admin/materialize-html-laravel-starter-kit-template/vendor/laravel/framework/src/Illuminate/Foundation/Application.php(779): Illuminate\\Container\\Container->make('App\\\\Http\\\\Middle...', Array)
#15 /Applications/XAMPP/xamppfiles/htdocs/materialize-admin/materialize-html-laravel-starter-kit-template/vendor/laravel/framework/src/Illuminate/Foundation/Http/Kernel.php(204): Illuminate\\Foundation\\Application->make('App\\\\Http\\\\Middle...')
#16 /Applications/XAMPP/xamppfiles/htdocs/materialize-admin/materialize-html-laravel-starter-kit-template/vendor/laravel/framework/src/Illuminate/Foundation/Http/Kernel.php(178): Illuminate\\Foundation\\Http\\Kernel->terminateMiddleware(Object(Illuminate\\Http\\Request), Object(Illuminate\\Http\\Response))
#17 /Applications/XAMPP/xamppfiles/htdocs/materialize-admin/materialize-html-laravel-starter-kit-template/public/index.php(60): Illuminate\\Foundation\\Http\\Kernel->terminate(Object(Illuminate\\Http\\Request), Object(Illuminate\\Http\\Response))
#18 /Applications/XAMPP/xamppfiles/htdocs/materialize-admin/materialize-html-laravel-starter-kit-template/server.php(21): require_once('/Applications/X...')
#19 {main}
"} 
[2020-04-03 07:41:27] production.ERROR: file_get_contents(/Applications/XAMPP/xamppfiles/htdocs/materialize-admin/materialize-html-laravel-starter-kit-template/.env): failed to open stream: No such file or directory {"exception":"[object] (ErrorException(code: 0): file_get_contents(/Applications/XAMPP/xamppfiles/htdocs/materialize-admin/materialize-html-laravel-starter-kit-template/.env): failed to open stream: No such file or directory at /Applications/XAMPP/xamppfiles/htdocs/materialize-admin/materialize-html-laravel-starter-kit-template/vendor/laravel/framework/src/Illuminate/Foundation/Console/KeyGenerateCommand.php:96)
[stacktrace]
#0 [internal function]: Illuminate\\Foundation\\Bootstrap\\HandleExceptions->handleError(2, 'file_get_conten...', '/Applications/X...', 96, Array)
#1 /Applications/XAMPP/xamppfiles/htdocs/materialize-admin/materialize-html-laravel-starter-kit-template/vendor/laravel/framework/src/Illuminate/Foundation/Console/KeyGenerateCommand.php(96): file_get_contents('/Applications/X...')
#2 /Applications/XAMPP/xamppfiles/htdocs/materialize-admin/materialize-html-laravel-starter-kit-template/vendor/laravel/framework/src/Illuminate/Foundation/Console/KeyGenerateCommand.php(80): Illuminate\\Foundation\\Console\\KeyGenerateCommand->writeNewEnvironmentFileWith('base64:QmMiOBTF...')
#3 /Applications/XAMPP/xamppfiles/htdocs/materialize-admin/materialize-html-laravel-starter-kit-template/vendor/laravel/framework/src/Illuminate/Foundation/Console/KeyGenerateCommand.php(45): Illuminate\\Foundation\\Console\\KeyGenerateCommand->setKeyInEnvironmentFile('base64:QmMiOBTF...')
#4 [internal function]: Illuminate\\Foundation\\Console\\KeyGenerateCommand->handle()
#5 /Applications/XAMPP/xamppfiles/htdocs/materialize-admin/materialize-html-laravel-starter-kit-template/vendor/laravel/framework/src/Illuminate/Container/BoundMethod.php(32): call_user_func_array(Array, Array)
#6 /Applications/XAMPP/xamppfiles/htdocs/materialize-admin/materialize-html-laravel-starter-kit-template/vendor/laravel/framework/src/Illuminate/Container/Util.php(36): Illuminate\\Container\\BoundMethod::Illuminate\\Container\\{closure}()
#7 /Applications/XAMPP/xamppfiles/htdocs/materialize-admin/materialize-html-laravel-starter-kit-template/vendor/laravel/framework/src/Illuminate/Container/BoundMethod.php(90): Illuminate\\Container\\Util::unwrapIfClosure(Object(Closure))
#8 /Applications/XAMPP/xamppfiles/htdocs/materialize-admin/materialize-html-laravel-starter-kit-template/vendor/laravel/framework/src/Illuminate/Container/BoundMethod.php(34): Illuminate\\Container\\BoundMethod::callBoundMethod(Object(Illuminate\\Foundation\\Application), Array, Object(Closure))
#9 /Applications/XAMPP/xamppfiles/htdocs/materialize-admin/materialize-html-laravel-starter-kit-template/vendor/laravel/framework/src/Illuminate/Container/Container.php(592): Illuminate\\Container\\BoundMethod::call(Object(Illuminate\\Foundation\\Application), Array, Array, NULL)
#10 /Applications/XAMPP/xamppfiles/htdocs/materialize-admin/materialize-html-laravel-starter-kit-template/vendor/laravel/framework/src/Illuminate/Console/Command.php(134): Illuminate\\Container\\Container->call(Array)
#11 /Applications/XAMPP/xamppfiles/htdocs/materialize-admin/materialize-html-laravel-starter-kit-template/vendor/symfony/console/Command/Command.php(255): Illuminate\\Console\\Command->execute(Object(Symfony\\Component\\Console\\Input\\ArgvInput), Object(Illuminate\\Console\\OutputStyle))
#12 /Applications/XAMPP/xamppfiles/htdocs/materialize-admin/materialize-html-laravel-starter-kit-template/vendor/laravel/framework/src/Illuminate/Console/Command.php(121): Symfony\\Component\\Console\\Command\\Command->run(Object(Symfony\\Component\\Console\\Input\\ArgvInput), Object(Illuminate\\Console\\OutputStyle))
#13 /Applications/XAMPP/xamppfiles/htdocs/materialize-admin/materialize-html-laravel-starter-kit-template/vendor/symfony/console/Application.php(912): Illuminate\\Console\\Command->run(Object(Symfony\\Component\\Console\\Input\\ArgvInput), Object(Symfony\\Component\\Console\\Output\\ConsoleOutput))
#14 /Applications/XAMPP/xamppfiles/htdocs/materialize-admin/materialize-html-laravel-starter-kit-template/vendor/symfony/console/Application.php(264): Symfony\\Component\\Console\\Application->doRunCommand(Object(Illuminate\\Foundation\\Console\\KeyGenerateCommand), Object(Symfony\\Component\\Console\\Input\\ArgvInput), Object(Symfony\\Component\\Console\\Output\\ConsoleOutput))
#15 /Applications/XAMPP/xamppfiles/htdocs/materialize-admin/materialize-html-laravel-starter-kit-template/vendor/symfony/console/Application.php(140): Symfony\\Component\\Console\\Application->doRun(Object(Symfony\\Component\\Console\\Input\\ArgvInput), Object(Symfony\\Component\\Console\\Output\\ConsoleOutput))
#16 /Applications/XAMPP/xamppfiles/htdocs/materialize-admin/materialize-html-laravel-starter-kit-template/vendor/laravel/framework/src/Illuminate/Console/Application.php(93): Symfony\\Component\\Console\\Application->run(Object(Symfony\\Component\\Console\\Input\\ArgvInput), Object(Symfony\\Component\\Console\\Output\\ConsoleOutput))
#17 /Applications/XAMPP/xamppfiles/htdocs/materialize-admin/materialize-html-laravel-starter-kit-template/vendor/laravel/framework/src/Illuminate/Foundation/Console/Kernel.php(129): Illuminate\\Console\\Application->run(Object(Symfony\\Component\\Console\\Input\\ArgvInput), Object(Symfony\\Component\\Console\\Output\\ConsoleOutput))
#18 /Applications/XAMPP/xamppfiles/htdocs/materialize-admin/materialize-html-laravel-starter-kit-template/artisan(37): Illuminate\\Foundation\\Console\\Kernel->handle(Object(Symfony\\Component\\Console\\Input\\ArgvInput), Object(Symfony\\Component\\Console\\Output\\ConsoleOutput))
#19 {main}
"} 
